<?xml version="1.0" encoding="UTF-8"?>
<testsuite xmlns:xsi="http://www.w3.org/2001/XMLSchema-instance" xsi:noNamespaceSchemaLocation="https://maven.apache.org/surefire/maven-surefire-plugin/xsd/surefire-test-report.xsd" name="feature1.CreatingCourierTest" time="38.647" tests="8" errors="0" skipped="0" failures="8">
  <properties>
[...]
</properties>
  <testcase name="creatingCourierWithoutPasswordTest" classname="feature1.CreatingCourierTest" time="32.446">
    <failure message="1 expectation failed.&#10;Expected status code &lt;200&gt; but was &lt;404&gt;.&#10;" type="java.lang.AssertionError"><![CDATA[java.lang.AssertionError: 
1 expectation failed.
Expected status code <200> but was <404>.

	at feature1.CreatingCourierTest.teardown(CreatingCourierTest.java:25)
]]></failure>
    <system-out><![CDATA[HTTP/1.1 400 Bad Request
Access-Control-Allow-Origin: *
Content-Length: 114
Content-Type: application/json; charset=utf-8
Date: Mon, 04 Apr 2022 16:34:44 GMT
ETag: W/"72-AUDx41VLe1HSztSRMybiiyHwcKY"
Set-Cookie: _yasc=3Rt6OIGHQ7wL1ti8NocMtJwvfVBfZmYjPmjUEBfEH16DSw==; domain=.praktikum-services.ru; path=/; expires=Wed, 04-May-2022 16:34:44 GMT; secure
X-Powered-By: Express
X-Request-Id: 1649090084019183-16876957066377088576

{
    "code": 400,
    "message": "Недостаточно данных для создания учетной записи"
}
Request method:	DELETE
Request URI:	http://qa-scooter.praktikum-services.ru/api/v1/courier/0
Proxy:			<none>
Request params:	<none>
Query params:	<none>
Form params:	<none>
Path params:	<none>
Headers:		Accept=*/*
				Content-Type=application/json
Cookies:		<none>
Multiparts:		<none>
Body:			<none>
]]></system-out>
    <system-err><![CDATA[SLF4J: Failed to load class "org.slf4j.impl.StaticLoggerBinder".
SLF4J: Defaulting to no-operation (NOP) logger implementation
SLF4J: See http://www.slf4j.org/codes.html#StaticLoggerBinder for further details.
]]></system-err>
  </testcase>
  <testcase name="secondCourierNotBeCreatedTest" classname="feature1.CreatingCourierTest" time="1.394">
    <failure message="1 expectation failed.&#10;Expected status code &lt;200&gt; but was &lt;404&gt;.&#10;" type="java.lang.AssertionError"><![CDATA[java.lang.AssertionError: 
1 expectation failed.
Expected status code <200> but was <404>.

	at feature1.CreatingCourierTest.secondCourierNotBeCreatedTest(CreatingCourierTest.java:83)
]]></failure>
    <system-out><![CDATA[HTTP/1.1 201 Created
Access-Control-Allow-Origin: *
Content-Length: 11
Content-Type: application/json; charset=utf-8
Date: Mon, 04 Apr 2022 16:34:51 GMT
ETag: W/"b-Ai2R8hgEarLmHKwesT1qcY913ys"
Set-Cookie: _yasc=Yz4IXoQ4bzSSgnBIZU0OISevd+Liv0cQaQsb2/gbT8rTcA==; domain=.praktikum-services.ru; path=/; expires=Wed, 04-May-2022 16:34:51 GMT; secure
X-Powered-By: Express
X-Request-Id: 1649090091462496-6860647210885430038

{
    "ok": true
}
HTTP/1.1 404 Not Found
Access-Control-Allow-Origin: *
Content-Length: 35
Content-Type: application/json; charset=utf-8
Date: Mon, 04 Apr 2022 16:34:52 GMT
ETag: W/"23-Yvz185z7FSkcImycPnr136En0mc"
Set-Cookie: _yasc=upCSq0k9JZQWX99/oZAvRakpnCTtKjfLNZpYt/gCnKqHTQ==; domain=.praktikum-services.ru; path=/; expires=Wed, 04-May-2022 16:34:52 GMT; secure
X-Powered-By: Express
X-Request-Id: 1649090092131587-11002650866400283893

{
    "code": 404,
    "message": "Not Found."
}
Request method:	DELETE
Request URI:	http://qa-scooter.praktikum-services.ru/api/v1/courier/0
Proxy:			<none>
Request params:	<none>
Query params:	<none>
Form params:	<none>
Path params:	<none>
Headers:		Accept=*/*
				Content-Type=application/json
Cookies:		<none>
Multiparts:		<none>
Body:			<none>
]]></system-out>
  </testcase>
  <testcase name="secondCourierNotBeCreatedTest" classname="feature1.CreatingCourierTest" time="1.394">
    <failure message="1 expectation failed.&#10;Expected status code &lt;200&gt; but was &lt;404&gt;.&#10;" type="java.lang.AssertionError"><![CDATA[java.lang.AssertionError: 
1 expectation failed.
Expected status code <200> but was <404>.

	at feature1.CreatingCourierTest.teardown(CreatingCourierTest.java:25)
]]></failure>
  </testcase>
  <testcase name="isCreatingCourierTest" classname="feature1.CreatingCourierTest" time="1.383">
    <failure message="1 expectation failed.&#10;Expected status code &lt;200&gt; but was &lt;404&gt;.&#10;" type="java.lang.AssertionError"><![CDATA[java.lang.AssertionError: 
1 expectation failed.
Expected status code <200> but was <404>.

	at feature1.CreatingCourierTest.isCreatingCourierTest(CreatingCourierTest.java:33)
]]></failure>
    <system-out><![CDATA[HTTP/1.1 201 Created
Access-Control-Allow-Origin: *
Content-Length: 11
Content-Type: application/json; charset=utf-8
Date: Mon, 04 Apr 2022 16:34:52 GMT
ETag: W/"b-Ai2R8hgEarLmHKwesT1qcY913ys"
Set-Cookie: _yasc=OqJmFuV2Ke6gnCp59JVnrsyj5+xeRrZ1DApnYkghVXYGnw==; domain=.praktikum-services.ru; path=/; expires=Wed, 04-May-2022 16:34:52 GMT; secure
X-Powered-By: Express
X-Request-Id: 1649090092600663-3680220350721536865

{
    "ok": true
}
HTTP/1.1 404 Not Found
Access-Control-Allow-Origin: *
Content-Length: 35
Content-Type: application/json; charset=utf-8
Date: Mon, 04 Apr 2022 16:34:53 GMT
ETag: W/"23-Yvz185z7FSkcImycPnr136En0mc"
Set-Cookie: _yasc=FVpaCryQSzeOGZaGNuX0jtb8+x2QerrXOX71jlxYxbJh6w==; domain=.praktikum-services.ru; path=/; expires=Wed, 04-May-2022 16:34:53 GMT; secure
X-Powered-By: Express
X-Request-Id: 1649090093176099-938073352230734158

{
    "code": 404,
    "message": "Not Found."
}
Request method:	DELETE
Request URI:	http://qa-scooter.praktikum-services.ru/api/v1/courier/0
Proxy:			<none>
Request params:	<none>
Query params:	<none>
Form params:	<none>
Path params:	<none>
Headers:		Accept=*/*
				Content-Type=application/json
Cookies:		<none>
Multiparts:		<none>
Body:			<none>
]]></system-out>
  </testcase>
  <testcase name="isCreatingCourierTest" classname="feature1.CreatingCourierTest" time="1.383">
    <failure message="1 expectation failed.&#10;Expected status code &lt;200&gt; but was &lt;404&gt;.&#10;" type="java.lang.AssertionError"><![CDATA[java.lang.AssertionError: 
1 expectation failed.
Expected status code <200> but was <404>.

	at feature1.CreatingCourierTest.teardown(CreatingCourierTest.java:25)
]]></failure>
  </testcase>
  <testcase name="creatingCourierWithoutLoginTest" classname="feature1.CreatingCourierTest" time="0.782">
    <failure message="1 expectation failed.&#10;Expected status code &lt;200&gt; but was &lt;404&gt;.&#10;" type="java.lang.AssertionError"><![CDATA[java.lang.AssertionError: 
1 expectation failed.
Expected status code <200> but was <404>.

	at feature1.CreatingCourierTest.teardown(CreatingCourierTest.java:25)
]]></failure>
    <system-out><![CDATA[HTTP/1.1 400 Bad Request
Access-Control-Allow-Origin: *
Content-Length: 114
Content-Type: application/json; charset=utf-8
Date: Mon, 04 Apr 2022 16:34:54 GMT
ETag: W/"72-AUDx41VLe1HSztSRMybiiyHwcKY"
Set-Cookie: _yasc=RqFyugisGyJExuUUoZLJfC0OWagJGwsd0CUCbkgGe22RXg==; domain=.praktikum-services.ru; path=/; expires=Wed, 04-May-2022 16:34:53 GMT; secure
X-Powered-By: Express
X-Request-Id: 1649090093990765-460918671421960659

{
    "code": 400,
    "message": "Недостаточно данных для создания учетной записи"
}
Request method:	DELETE
Request URI:	http://qa-scooter.praktikum-services.ru/api/v1/courier/0
Proxy:			<none>
Request params:	<none>
Query params:	<none>
Form params:	<none>
Path params:	<none>
Headers:		Accept=*/*
				Content-Type=application/json
Cookies:		<none>
Multiparts:		<none>
Body:			<none>
]]></system-out>
  </testcase>
  <testcase name="checkingCourierIdTest" classname="feature1.CreatingCourierTest" time="0.987">
    <failure message="1 expectation failed.&#10;Expected status code &lt;200&gt; but was &lt;404&gt;.&#10;" type="java.lang.AssertionError"><![CDATA[java.lang.AssertionError: 
1 expectation failed.
Expected status code <200> but was <404>.

	at feature1.CreatingCourierTest.checkingCourierIdTest(CreatingCourierTest.java:44)
]]></failure>
    <system-out><![CDATA[HTTP/1.1 201 Created
Access-Control-Allow-Origin: *
Content-Length: 11
Content-Type: application/json; charset=utf-8
Date: Mon, 04 Apr 2022 16:34:54 GMT
ETag: W/"b-Ai2R8hgEarLmHKwesT1qcY913ys"
Set-Cookie: _yasc=0wtl2YyBWJXXK+k4J2P5Gs8MXgmFnKVklZWsoRzvjYwz5g==; domain=.praktikum-services.ru; path=/; expires=Wed, 04-May-2022 16:34:54 GMT; secure
X-Powered-By: Express
X-Request-Id: 1649090094812131-18030538734471339974

{
    "ok": true
}
HTTP/1.1 404 Not Found
Access-Control-Allow-Origin: *
Content-Length: 35
Content-Type: application/json; charset=utf-8
Date: Mon, 04 Apr 2022 16:34:55 GMT
ETag: W/"23-Yvz185z7FSkcImycPnr136En0mc"
Set-Cookie: _yasc=5u06Hp2M+M0x/k6NeeA11u6HrtBnWwjJ2SvK4joLQi6Qmw==; domain=.praktikum-services.ru; path=/; expires=Wed, 04-May-2022 16:34:55 GMT; secure
X-Powered-By: Express
X-Request-Id: 1649090095105023-8333579550841027740

{
    "code": 404,
    "message": "Not Found."
}
Request method:	DELETE
Request URI:	http://qa-scooter.praktikum-services.ru/api/v1/courier/0
Proxy:			<none>
Request params:	<none>
Query params:	<none>
Form params:	<none>
Path params:	<none>
Headers:		Accept=*/*
				Content-Type=application/json
Cookies:		<none>
Multiparts:		<none>
Body:			<none>
]]></system-out>
  </testcase>
  <testcase name="checkingCourierIdTest" classname="feature1.CreatingCourierTest" time="0.987">
    <failure message="1 expectation failed.&#10;Expected status code &lt;200&gt; but was &lt;404&gt;.&#10;" type="java.lang.AssertionError"><![CDATA[java.lang.AssertionError: 
1 expectation failed.
Expected status code <200> but was <404>.

	at feature1.CreatingCourierTest.teardown(CreatingCourierTest.java:25)
]]></failure>
  </testcase>
</testsuite>