<?xml version="1.0" encoding="UTF-8"?>
<testsuite xmlns:xsi="http://www.w3.org/2001/XMLSchema-instance" xsi:noNamespaceSchemaLocation="https://maven.apache.org/surefire/maven-surefire-plugin/xsd/surefire-test-report.xsd" name="feature2.LoginTest" time="2.576" tests="10" errors="0" skipped="0" failures="10">
  <properties>
[...]
</properties>
  <testcase name="validateWithWrongLogin" classname="feature2.LoginTest" time="0.219">
    <failure message="expected:&lt;[Учетная запись не найдена]&gt; but was:&lt;[Not Found.]&gt;" type="org.junit.ComparisonFailure"><![CDATA[org.junit.ComparisonFailure: expected:<[Учетная запись не найдена]> but was:<[Not Found.]>
	at feature2.LoginTest.validateWithWrongLogin(LoginTest.java:86)
]]></failure>
    <system-out><![CDATA[Request method:	POST
Request URI:	http://qa-scooter.praktikum-services.ru/api/v1/courier/logins
Proxy:			<none>
Request params:	<none>
Query params:	<none>
Form params:	<none>
Path params:	<none>
Headers:		Accept=*/*
				Content-Type=application/json
Cookies:		<none>
Multiparts:		<none>
Body:
{
    "login": "yPBHNRsLxM",
    "password": "LgcvHCWTYN"
}
Request method:	DELETE
Request URI:	http://qa-scooter.praktikum-services.ru/api/v1/courier/0
Proxy:			<none>
Request params:	<none>
Query params:	<none>
Form params:	<none>
Path params:	<none>
Headers:		Accept=*/*
				Content-Type=application/json
Cookies:		<none>
Multiparts:		<none>
Body:			<none>
]]></system-out>
  </testcase>
  <testcase name="validateWithWrongLogin" classname="feature2.LoginTest" time="0.219">
    <failure message="1 expectation failed.&#10;Expected status code &lt;200&gt; but was &lt;404&gt;.&#10;" type="java.lang.AssertionError"><![CDATA[java.lang.AssertionError: 
1 expectation failed.
Expected status code <200> but was <404>.

	at feature2.LoginTest.teardown(LoginTest.java:29)
]]></failure>
  </testcase>
  <testcase name="validateLoginTest" classname="feature2.LoginTest" time="0.713">
    <failure message="1 expectation failed.&#10;Expected status code &lt;200&gt; but was &lt;404&gt;.&#10;" type="java.lang.AssertionError"><![CDATA[java.lang.AssertionError: 
1 expectation failed.
Expected status code <200> but was <404>.

	at feature2.LoginTest.validateLoginTest(LoginTest.java:49)
]]></failure>
    <system-out><![CDATA[HTTP/1.1 201 Created
Access-Control-Allow-Origin: *
Content-Length: 11
Content-Type: application/json; charset=utf-8
Date: Mon, 04 Apr 2022 16:34:56 GMT
ETag: W/"b-Ai2R8hgEarLmHKwesT1qcY913ys"
Set-Cookie: _yasc=gZbPj4LLm0YzDW0FneAEIbh234ov97BY0HyB2axB/FGOyw==; domain=.praktikum-services.ru; path=/; expires=Wed, 04-May-2022 16:34:56 GMT; secure
X-Powered-By: Express
X-Request-Id: 1649090096309817-9586005752642891525

{
    "ok": true
}
HTTP/1.1 404 Not Found
Access-Control-Allow-Origin: *
Content-Length: 35
Content-Type: application/json; charset=utf-8
Date: Mon, 04 Apr 2022 16:34:56 GMT
ETag: W/"23-Yvz185z7FSkcImycPnr136En0mc"
Set-Cookie: _yasc=ROcGsLsKCWA/fDlGNxqnPfkBukiJNkFj6mbLZ2FU+d21BQ==; domain=.praktikum-services.ru; path=/; expires=Wed, 04-May-2022 16:34:56 GMT; secure
X-Powered-By: Express
X-Request-Id: 1649090096608260-6071861182229513885

{
    "code": 404,
    "message": "Not Found."
}
Request method:	DELETE
Request URI:	http://qa-scooter.praktikum-services.ru/api/v1/courier/0
Proxy:			<none>
Request params:	<none>
Query params:	<none>
Form params:	<none>
Path params:	<none>
Headers:		Accept=*/*
				Content-Type=application/json
Cookies:		<none>
Multiparts:		<none>
Body:			<none>
]]></system-out>
  </testcase>
  <testcase name="validateLoginTest" classname="feature2.LoginTest" time="0.713">
    <failure message="1 expectation failed.&#10;Expected status code &lt;200&gt; but was &lt;404&gt;.&#10;" type="java.lang.AssertionError"><![CDATA[java.lang.AssertionError: 
1 expectation failed.
Expected status code <200> but was <404>.

	at feature2.LoginTest.teardown(LoginTest.java:29)
]]></failure>
  </testcase>
  <testcase name="isValidatedLoginTest" classname="feature2.LoginTest" time="0.755">
    <failure message="1 expectation failed.&#10;Expected status code &lt;200&gt; but was &lt;404&gt;.&#10;" type="java.lang.AssertionError"><![CDATA[java.lang.AssertionError: 
1 expectation failed.
Expected status code <200> but was <404>.

	at feature2.LoginTest.isValidatedLoginTest(LoginTest.java:37)
]]></failure>
    <system-out><![CDATA[HTTP/1.1 201 Created
Access-Control-Allow-Origin: *
Content-Length: 11
Content-Type: application/json; charset=utf-8
Date: Mon, 04 Apr 2022 16:34:57 GMT
ETag: W/"b-Ai2R8hgEarLmHKwesT1qcY913ys"
Set-Cookie: _yasc=870vaNdEnDE5uDqJjuSaYGUk7Di9JfVMdPncf+9uw0QFbQ==; domain=.praktikum-services.ru; path=/; expires=Wed, 04-May-2022 16:34:57 GMT; secure
X-Powered-By: Express
X-Request-Id: 1649090097019567-12180317462994997921

{
    "ok": true
}
HTTP/1.1 404 Not Found
Access-Control-Allow-Origin: *
Content-Length: 35
Content-Type: application/json; charset=utf-8
Date: Mon, 04 Apr 2022 16:34:57 GMT
ETag: W/"23-Yvz185z7FSkcImycPnr136En0mc"
Set-Cookie: _yasc=igWxNGl99vmciM0FXcnn1yKGhql1/b/jsJUE1/XyY3uhUQ==; domain=.praktikum-services.ru; path=/; expires=Wed, 04-May-2022 16:34:57 GMT; secure
X-Powered-By: Express
X-Request-Id: 1649090097302491-10487833265014389223

{
    "code": 404,
    "message": "Not Found."
}
Request method:	DELETE
Request URI:	http://qa-scooter.praktikum-services.ru/api/v1/courier/0
Proxy:			<none>
Request params:	<none>
Query params:	<none>
Form params:	<none>
Path params:	<none>
Headers:		Accept=*/*
				Content-Type=application/json
Cookies:		<none>
Multiparts:		<none>
Body:			<none>
]]></system-out>
  </testcase>
  <testcase name="isValidatedLoginTest" classname="feature2.LoginTest" time="0.755">
    <failure message="1 expectation failed.&#10;Expected status code &lt;200&gt; but was &lt;404&gt;.&#10;" type="java.lang.AssertionError"><![CDATA[java.lang.AssertionError: 
1 expectation failed.
Expected status code <200> but was <404>.

	at feature2.LoginTest.teardown(LoginTest.java:29)
]]></failure>
  </testcase>
  <testcase name="validateWithoutLoginTest" classname="feature2.LoginTest" time="0.565">
    <failure message="1 expectation failed.&#10;Expected status code &lt;400&gt; but was &lt;404&gt;.&#10;" type="java.lang.AssertionError"><![CDATA[java.lang.AssertionError: 
1 expectation failed.
Expected status code <400> but was <404>.

	at feature2.LoginTest.validateWithoutLoginTest(LoginTest.java:60)
]]></failure>
    <system-out><![CDATA[Request method:	POST
Request URI:	http://qa-scooter.praktikum-services.ru/api/v1/courier/logins
Proxy:			<none>
Request params:	<none>
Query params:	<none>
Form params:	<none>
Path params:	<none>
Headers:		Accept=*/*
				Content-Type=application/json
Cookies:		<none>
Multiparts:		<none>
Body:
{
    "login": null,
    "password": "BGbjxLJEdB"
}
Request method:	DELETE
Request URI:	http://qa-scooter.praktikum-services.ru/api/v1/courier/0
Proxy:			<none>
Request params:	<none>
Query params:	<none>
Form params:	<none>
Path params:	<none>
Headers:		Accept=*/*
				Content-Type=application/json
Cookies:		<none>
Multiparts:		<none>
Body:			<none>
]]></system-out>
  </testcase>
  <testcase name="validateWithoutLoginTest" classname="feature2.LoginTest" time="0.565">
    <failure message="1 expectation failed.&#10;Expected status code &lt;200&gt; but was &lt;404&gt;.&#10;" type="java.lang.AssertionError"><![CDATA[java.lang.AssertionError: 
1 expectation failed.
Expected status code <200> but was <404>.

	at feature2.LoginTest.teardown(LoginTest.java:29)
]]></failure>
  </testcase>
  <testcase name="validateWithoutPasswordTest" classname="feature2.LoginTest" time="0.27">
    <failure message="1 expectation failed.&#10;Expected status code &lt;400&gt; but was &lt;404&gt;.&#10;" type="java.lang.AssertionError"><![CDATA[java.lang.AssertionError: 
1 expectation failed.
Expected status code <400> but was <404>.

	at feature2.LoginTest.validateWithoutPasswordTest(LoginTest.java:71)
]]></failure>
    <system-out><![CDATA[Request method:	POST
Request URI:	http://qa-scooter.praktikum-services.ru/api/v1/courier/logins
Proxy:			<none>
Request params:	<none>
Query params:	<none>
Form params:	<none>
Path params:	<none>
Headers:		Accept=*/*
				Content-Type=application/json
Cookies:		<none>
Multiparts:		<none>
Body:
{
    "login": "gRcIrCfHGy",
    "password": null
}
Request method:	DELETE
Request URI:	http://qa-scooter.praktikum-services.ru/api/v1/courier/0
Proxy:			<none>
Request params:	<none>
Query params:	<none>
Form params:	<none>
Path params:	<none>
Headers:		Accept=*/*
				Content-Type=application/json
Cookies:		<none>
Multiparts:		<none>
Body:			<none>
]]></system-out>
  </testcase>
  <testcase name="validateWithoutPasswordTest" classname="feature2.LoginTest" time="0.294">
    <failure message="1 expectation failed.&#10;Expected status code &lt;200&gt; but was &lt;404&gt;.&#10;" type="java.lang.AssertionError"><![CDATA[java.lang.AssertionError: 
1 expectation failed.
Expected status code <200> but was <404>.

	at feature2.LoginTest.teardown(LoginTest.java:29)
]]></failure>
  </testcase>
</testsuite>